<?xml version="1.0" encoding="UTF-8"?>
<testng-results ignored="0" total="1" passed="1" failed="0" skipped="0">
  <reporter-output>
  </reporter-output>
  <suite started-at="2024-07-03T18:02:56 IST" name="MasterSuite" finished-at="2024-07-03T18:03:12 IST" duration-ms="16232">
    <groups>
    </groups>
    <test started-at="2024-07-03T18:02:56 IST" name="Test" finished-at="2024-07-03T18:03:12 IST" duration-ms="16232">
      <class name="com.test.VerifyTC001">
        <test-method is-config="true" signature="setUp()[pri:0, instance:com.test.VerifyTC001@3c46e67a]" started-at="2024-07-03T18:02:56 IST" name="setUp" finished-at="2024-07-03T18:03:03 IST" duration-ms="6890" status="PASS">
          <reporter-output>
          </reporter-output>
        </test-method> <!-- setUp -->
        <test-method signature="executeTC001()[pri:0, instance:com.test.VerifyTC001@3c46e67a]" started-at="2024-07-03T18:03:03 IST" name="executeTC001" finished-at="2024-07-03T18:03:07 IST" duration-ms="3827" status="PASS">
          <reporter-output>
          </reporter-output>
        </test-method> <!-- executeTC001 -->
        <test-method is-config="true" signature="tearDown()[pri:0, instance:com.test.VerifyTC001@3c46e67a]" started-at="2024-07-03T18:03:07 IST" name="tearDown" finished-at="2024-07-03T18:03:12 IST" duration-ms="5429" status="PASS">
          <reporter-output>
          </reporter-output>
        </test-method> <!-- tearDown -->
      </class> <!-- com.test.VerifyTC001 -->
    </test> <!-- Test -->
  </suite> <!-- MasterSuite -->
</testng-results>
