<?xml version="1.0" encoding="UTF-8"?>
<testng-results ignored="0" total="1" passed="1" failed="0" skipped="0">
  <reporter-output>
  </reporter-output>
  <suite started-at="2024-07-03T17:54:02 IST" name="Default suite" finished-at="2024-07-03T17:54:17 IST" duration-ms="15286">
    <groups>
    </groups>
    <test started-at="2024-07-03T17:54:02 IST" name="Default test" finished-at="2024-07-03T17:54:17 IST" duration-ms="15286">
      <class name="com.test.VerifyTC001">
        <test-method is-config="true" signature="setUp()[pri:0, instance:com.test.VerifyTC001@3c46e67a]" started-at="2024-07-03T17:54:02 IST" name="setUp" finished-at="2024-07-03T17:54:08 IST" duration-ms="6542" status="PASS">
          <reporter-output>
          </reporter-output>
        </test-method> <!-- setUp -->
        <test-method signature="executeTC001()[pri:0, instance:com.test.VerifyTC001@3c46e67a]" started-at="2024-07-03T17:54:08 IST" name="executeTC001" finished-at="2024-07-03T17:54:12 IST" duration-ms="3396" status="PASS">
          <reporter-output>
          </reporter-output>
        </test-method> <!-- executeTC001 -->
        <test-method is-config="true" signature="tearDown()[pri:0, instance:com.test.VerifyTC001@3c46e67a]" started-at="2024-07-03T17:54:12 IST" name="tearDown" finished-at="2024-07-03T17:54:17 IST" duration-ms="5256" status="PASS">
          <reporter-output>
          </reporter-output>
        </test-method> <!-- tearDown -->
      </class> <!-- com.test.VerifyTC001 -->
    </test> <!-- Default test -->
  </suite> <!-- Default suite -->
</testng-results>
